<?xml version="1.0" encoding="UTF-8"?>
<testng-results skipped="0" failed="0" ignored="0" total="1" passed="1">
  <reporter-output>
  </reporter-output>
  <suite name="com.basicsoftwareTest.MavenBasicTest" duration-ms="6599" started-at="2018-07-06T22:31:23Z" finished-at="2018-07-06T22:31:30Z">
    <groups>
    </groups>
    <test name="Command line test" duration-ms="6599" started-at="2018-07-06T22:31:23Z" finished-at="2018-07-06T22:31:30Z">
      <class name="com.basicsoftwareTest.MavenBasicTest">
        <test-method status="PASS" signature="Test()[pri:0, instance:com.basicsoftwareTest.MavenBasicTest@7f63425a]" name="Test" duration-ms="6570" started-at="2018-07-06T18:31:23Z" finished-at="2018-07-06T18:31:30Z">
          <reporter-output>
          </reporter-output>
        </test-method> <!-- Test -->
      </class> <!-- com.basicsoftwareTest.MavenBasicTest -->
    </test> <!-- Command line test -->
  </suite> <!-- com.basicsoftwareTest.MavenBasicTest -->
</testng-results>
